.\compilada\_start.ilk
.\compilada\_start.pdb
D:\thoung\1.02c\_startCS\.\compilada\_start.dll
D:\thoung\1.02c\_startCS\ENG\_start.dll.intermediate.manifest
D:\thoung\1.02c\_startCS\ENG\_start.write.1.tlog
D:\thoung\1.02c\_startCS\ENG\bloodcastle.obj
D:\thoung\1.02c\_startCS\ENG\box.obj
D:\thoung\1.02c\_startCS\ENG\Bronze.obj
D:\thoung\1.02c\_startCS\ENG\calcharacter.obj
D:\thoung\1.02c\_startCS\ENG\chaoscastle.obj
D:\thoung\1.02c\_startCS\ENG\cl.command.1.tlog
D:\thoung\1.02c\_startCS\ENG\CL.read.1.tlog
D:\thoung\1.02c\_startCS\ENG\CL.write.1.tlog
D:\thoung\1.02c\_startCS\ENG\classe_init.obj
D:\thoung\1.02c\_startCS\ENG\comandos.obj
D:\thoung\1.02c\_startCS\ENG\correcao_base.obj
D:\thoung\1.02c\_startCS\ENG\crecord.obj
D:\thoung\1.02c\_startCS\ENG\csql.obj
D:\thoung\1.02c\_startCS\ENG\definicoes.obj
D:\thoung\1.02c\_startCS\ENG\devilsquare.obj
D:\thoung\1.02c\_startCS\ENG\display.obj
D:\thoung\1.02c\_startCS\ENG\dllinit.obj
D:\thoung\1.02c\_startCS\ENG\drops.obj
D:\thoung\1.02c\_startCS\ENG\dsprotocol.obj
D:\thoung\1.02c\_startCS\ENG\experiencia.obj
D:\thoung\1.02c\_startCS\ENG\Golden.obj
D:\thoung\1.02c\_startCS\ENG\gsclient.obj
D:\thoung\1.02c\_startCS\ENG\iniciar_csql.obj
D:\thoung\1.02c\_startCS\ENG\jewels.obj
D:\thoung\1.02c\_startCS\ENG\link.command.1.tlog
D:\thoung\1.02c\_startCS\ENG\link.read.1.tlog
D:\thoung\1.02c\_startCS\ENG\link.write.1.tlog
D:\thoung\1.02c\_startCS\ENG\map.obj
D:\thoung\1.02c\_startCS\ENG\mensagem.obj
D:\thoung\1.02c\_startCS\ENG\move.obj
D:\thoung\1.02c\_startCS\ENG\mt.command.1.tlog
D:\thoung\1.02c\_startCS\ENG\mt.read.1.tlog
D:\thoung\1.02c\_startCS\ENG\mt.write.1.tlog
D:\thoung\1.02c\_startCS\ENG\npctalk.obj
D:\thoung\1.02c\_startCS\ENG\ObjAttack.obj
D:\thoung\1.02c\_startCS\ENG\packets.obj
D:\thoung\1.02c\_startCS\ENG\pontos_maximo.obj
D:\thoung\1.02c\_startCS\ENG\protect.obj
D:\thoung\1.02c\_startCS\ENG\protocolo.obj
D:\thoung\1.02c\_startCS\ENG\reset.obj
D:\thoung\1.02c\_startCS\ENG\scroll.obj
D:\thoung\1.02c\_startCS\ENG\shop.obj
D:\thoung\1.02c\_startCS\ENG\Silver.obj
D:\thoung\1.02c\_startCS\ENG\users.obj
D:\thoung\1.02c\_startCS\ENG\vc100.idb
D:\thoung\1.02c\_startCS\ENG\vc100.pdb
D:\thoung\1.02c\_startCS\ENG\Version.obj
D:\thoung\1.02c\_startCS\ENG\wings.obj
F:\THOUNG\1.02C\_STARTCS\COMPILADA\_START.DLL
F:\thoung\1.02c\_startCS\compilada\_start.exp
F:\THOUNG\1.02C\_STARTCS\COMPILADA\_START.ILK
F:\thoung\1.02c\_startCS\compilada\_start.lib
F:\THOUNG\1.02C\_STARTCS\COMPILADA\_START.PDB
F:\THOUNG\1.02C\_STARTCS\ENG\_START.DLL.INTERMEDIATE.MANIFEST
F:\THOUNG\1.02C\_STARTCS\ENG\BLOODCASTLE.OBJ
F:\THOUNG\1.02C\_STARTCS\ENG\BOX.OBJ
F:\THOUNG\1.02C\_STARTCS\ENG\BRONZE.OBJ
F:\THOUNG\1.02C\_STARTCS\ENG\CALCHARACTER.OBJ
F:\THOUNG\1.02C\_STARTCS\ENG\CHAOSCASTLE.OBJ
F:\THOUNG\1.02C\_STARTCS\ENG\CLASSE_INIT.OBJ
F:\THOUNG\1.02C\_STARTCS\ENG\COMANDOS.OBJ
F:\THOUNG\1.02C\_STARTCS\ENG\CORRECAO_BASE.OBJ
F:\THOUNG\1.02C\_STARTCS\ENG\CRECORD.OBJ
F:\THOUNG\1.02C\_STARTCS\ENG\CSQL.OBJ
F:\THOUNG\1.02C\_STARTCS\ENG\DEFINICOES.OBJ
F:\THOUNG\1.02C\_STARTCS\ENG\DEVILSQUARE.OBJ
F:\THOUNG\1.02C\_STARTCS\ENG\DISPLAY.OBJ
F:\THOUNG\1.02C\_STARTCS\ENG\DLLINIT.OBJ
F:\THOUNG\1.02C\_STARTCS\ENG\DROPS.OBJ
F:\THOUNG\1.02C\_STARTCS\ENG\DSPROTOCOL.OBJ
F:\THOUNG\1.02C\_STARTCS\ENG\EXPERIENCIA.OBJ
F:\THOUNG\1.02C\_STARTCS\ENG\GOLDEN.OBJ
F:\THOUNG\1.02C\_STARTCS\ENG\GSCLIENT.OBJ
F:\THOUNG\1.02C\_STARTCS\ENG\INICIAR_CSQL.OBJ
F:\THOUNG\1.02C\_STARTCS\ENG\JEWELS.OBJ
F:\THOUNG\1.02C\_STARTCS\ENG\MAP.OBJ
F:\THOUNG\1.02C\_STARTCS\ENG\MENSAGEM.OBJ
F:\THOUNG\1.02C\_STARTCS\ENG\MOVE.OBJ
F:\THOUNG\1.02C\_STARTCS\ENG\NPCTALK.OBJ
F:\THOUNG\1.02C\_STARTCS\ENG\OBJATTACK.OBJ
F:\THOUNG\1.02C\_STARTCS\ENG\PACKETS.OBJ
F:\THOUNG\1.02C\_STARTCS\ENG\PONTOS_MAXIMO.OBJ
F:\THOUNG\1.02C\_STARTCS\ENG\PROTECT.OBJ
F:\THOUNG\1.02C\_STARTCS\ENG\PROTOCOLO.OBJ
F:\THOUNG\1.02C\_STARTCS\ENG\RESET.OBJ
F:\THOUNG\1.02C\_STARTCS\ENG\SCROLL.OBJ
F:\THOUNG\1.02C\_STARTCS\ENG\SHOP.OBJ
F:\THOUNG\1.02C\_STARTCS\ENG\SILVER.OBJ
F:\THOUNG\1.02C\_STARTCS\ENG\USERS.OBJ
F:\THOUNG\1.02C\_STARTCS\ENG\VC100.PDB
F:\THOUNG\1.02C\_STARTCS\ENG\VERSION.OBJ
F:\THOUNG\1.02C\_STARTCS\ENG\WINGS.OBJ
