D:\THOUNG\1.02C\MAIN\EX201\CAMERA.OBJ
D:\thoung\1.02c\Main\Ex201\cl.command.1.tlog
D:\thoung\1.02c\Main\Ex201\CL.read.1.tlog
D:\thoung\1.02c\Main\Ex201\CL.write.1.tlog
D:\THOUNG\1.02C\MAIN\EX201\DEFINITIONS.OBJ
D:\THOUNG\1.02C\MAIN\EX201\EFFECTMANAGER.OBJ
D:\THOUNG\1.02C\MAIN\EX201\ENCRYPT.OBJ
D:\THOUNG\1.02C\MAIN\EX201\FIX.OBJ
D:\THOUNG\1.02C\MAIN\EX201\FONT.OBJ
D:\THOUNG\1.02C\MAIN\EX201\FRUITS.OBJ
D:\THOUNG\1.02C\MAIN\EX201\FUNCTIONS.OBJ
D:\THOUNG\1.02C\MAIN\EX201\GLOW.OBJ
D:\THOUNG\1.02C\MAIN\EX201\HACKER.OBJ
D:\THOUNG\1.02C\MAIN\EX201\HEALTHBAR.OBJ
D:\THOUNG\1.02C\MAIN\EX201\ITEM.OBJ
D:\THOUNG\1.02C\MAIN\EX201\ITEMMANAGER.OBJ
D:\thoung\1.02c\Main\Ex201\link.command.1.tlog
D:\thoung\1.02c\Main\Ex201\link.read.1.tlog
D:\thoung\1.02c\Main\Ex201\link.write.1.tlog
D:\thoung\1.02c\Main\Ex201\link-cvtres.read.1.tlog
D:\thoung\1.02c\Main\Ex201\link-cvtres.write.1.tlog
D:\THOUNG\1.02C\MAIN\EX201\MAIN.DLL
D:\THOUNG\1.02C\MAIN\EX201\MAIN.DLL.INTERMEDIATE.MANIFEST
D:\thoung\1.02c\Main\Ex201\Main.exp
D:\thoung\1.02c\Main\Ex201\Main.lib
D:\THOUNG\1.02C\MAIN\EX201\MAIN.OBJ
D:\THOUNG\1.02C\MAIN\EX201\MAIN.PDB
D:\THOUNG\1.02C\MAIN\EX201\MAIN.RES
D:\thoung\1.02c\Main\Ex201\Main.write.1.tlog
D:\THOUNG\1.02C\MAIN\EX201\MAP.OBJ
D:\THOUNG\1.02C\MAIN\EX201\MATHLIB.OBJ
D:\THOUNG\1.02C\MAIN\EX201\MEMSCRIPT.OBJ
D:\THOUNG\1.02C\MAIN\EX201\MESSAGE.OBJ
D:\THOUNG\1.02C\MAIN\EX201\MINIMAP.OBJ
D:\THOUNG\1.02C\MAIN\EX201\MONSTER.OBJ
D:\thoung\1.02c\Main\Ex201\mt.command.1.tlog
D:\thoung\1.02c\Main\Ex201\mt.read.1.tlog
D:\thoung\1.02c\Main\Ex201\mt.write.1.tlog
D:\THOUNG\1.02C\MAIN\EX201\POINTS.OBJ
D:\THOUNG\1.02C\MAIN\EX201\PROTOCOL.OBJ
D:\thoung\1.02c\Main\Ex201\rc.command.1.tlog
D:\thoung\1.02c\Main\Ex201\rc.read.1.tlog
D:\thoung\1.02c\Main\Ex201\rc.write.1.tlog
D:\THOUNG\1.02C\MAIN\EX201\SMOKE.OBJ
D:\THOUNG\1.02C\MAIN\EX201\TEXTURE.OBJ
D:\THOUNG\1.02C\MAIN\EX201\VC100.PDB
D:\THOUNG\1.02C\MAIN\EX201\WINGS.OBJ
