D:\THOUNG\1.02C\MAIN\CLASSIC\CAMERA.OBJ
D:\thoung\1.02c\Main\CLASSIC\cl.command.1.tlog
D:\thoung\1.02c\Main\CLASSIC\CL.read.1.tlog
D:\thoung\1.02c\Main\CLASSIC\CL.write.1.tlog
D:\THOUNG\1.02C\MAIN\CLASSIC\DEFINITIONS.OBJ
D:\THOUNG\1.02C\MAIN\CLASSIC\EFFECTMANAGER.OBJ
D:\THOUNG\1.02C\MAIN\CLASSIC\ENCRYPT.OBJ
D:\THOUNG\1.02C\MAIN\CLASSIC\FIX.OBJ
D:\THOUNG\1.02C\MAIN\CLASSIC\FONT.OBJ
D:\THOUNG\1.02C\MAIN\CLASSIC\FRUITS.OBJ
D:\THOUNG\1.02C\MAIN\CLASSIC\FUNCTIONS.OBJ
D:\THOUNG\1.02C\MAIN\CLASSIC\GLOW.OBJ
D:\THOUNG\1.02C\MAIN\CLASSIC\HACKER.OBJ
D:\THOUNG\1.02C\MAIN\CLASSIC\HEALTHBAR.OBJ
D:\THOUNG\1.02C\MAIN\CLASSIC\ITEM.OBJ
D:\THOUNG\1.02C\MAIN\CLASSIC\ITEMMANAGER.OBJ
D:\thoung\1.02c\Main\CLASSIC\link.command.1.tlog
D:\thoung\1.02c\Main\CLASSIC\link.read.1.tlog
D:\thoung\1.02c\Main\CLASSIC\link.write.1.tlog
D:\thoung\1.02c\Main\CLASSIC\link-cvtres.read.1.tlog
D:\thoung\1.02c\Main\CLASSIC\link-cvtres.write.1.tlog
D:\THOUNG\1.02C\MAIN\CLASSIC\MAIN.DLL
D:\THOUNG\1.02C\MAIN\CLASSIC\MAIN.DLL.INTERMEDIATE.MANIFEST
D:\thoung\1.02c\Main\CLASSIC\Main.exp
D:\thoung\1.02c\Main\CLASSIC\Main.lib
D:\THOUNG\1.02C\MAIN\CLASSIC\MAIN.OBJ
D:\THOUNG\1.02C\MAIN\CLASSIC\MAIN.PDB
D:\THOUNG\1.02C\MAIN\CLASSIC\MAIN.RES
D:\thoung\1.02c\Main\CLASSIC\Main.write.1.tlog
D:\THOUNG\1.02C\MAIN\CLASSIC\MAP.OBJ
D:\THOUNG\1.02C\MAIN\CLASSIC\MATHLIB.OBJ
D:\THOUNG\1.02C\MAIN\CLASSIC\MEMSCRIPT.OBJ
D:\THOUNG\1.02C\MAIN\CLASSIC\MESSAGE.OBJ
D:\THOUNG\1.02C\MAIN\CLASSIC\MINIMAP.OBJ
D:\THOUNG\1.02C\MAIN\CLASSIC\MONSTER.OBJ
D:\thoung\1.02c\Main\CLASSIC\mt.command.1.tlog
D:\thoung\1.02c\Main\CLASSIC\mt.read.1.tlog
D:\thoung\1.02c\Main\CLASSIC\mt.write.1.tlog
D:\THOUNG\1.02C\MAIN\CLASSIC\POINTS.OBJ
D:\THOUNG\1.02C\MAIN\CLASSIC\PROTOCOL.OBJ
D:\thoung\1.02c\Main\CLASSIC\rc.command.1.tlog
D:\thoung\1.02c\Main\CLASSIC\rc.read.1.tlog
D:\thoung\1.02c\Main\CLASSIC\rc.write.1.tlog
D:\THOUNG\1.02C\MAIN\CLASSIC\SMOKE.OBJ
D:\THOUNG\1.02C\MAIN\CLASSIC\TEXTURE.OBJ
D:\THOUNG\1.02C\MAIN\CLASSIC\VC100.PDB
D:\THOUNG\1.02C\MAIN\CLASSIC\WINGS.OBJ
